<?xml version="1.0" encoding="UTF-8"?>
<testsuite xmlns:xsi="http://www.w3.org/2001/XMLSchema-instance" xsi:noNamespaceSchemaLocation="https://maven.apache.org/surefire/maven-surefire-plugin/xsd/surefire-test-report.xsd" name="com.wy.TestMyBatis" time="0.532" tests="1" errors="0" skipped="0" failures="0">
  <properties>
    <property name="java.specification.version" value="14"/>
    <property name="sun.cpu.isalist" value="amd64"/>
    <property name="sun.jnu.encoding" value="GBK"/>
    <property name="java.class.path" value="D:\java\03-MyBatis\javaProject\ch01-hello-mybatis\target\test-classes;D:\java\03-MyBatis\javaProject\ch01-hello-mybatis\target\classes;D:\java\maven\repository\junit\junit\4.11\junit-4.11.jar;D:\java\maven\repository\org\hamcrest\hamcrest-core\1.3\hamcrest-core-1.3.jar;D:\java\maven\repository\org\mybatis\mybatis\3.5.1\mybatis-3.5.1.jar;D:\java\maven\repository\mysql\mysql-connector-java\5.1.9\mysql-connector-java-5.1.9.jar;"/>
    <property name="java.vm.vendor" value="Oracle Corporation"/>
    <property name="sun.arch.data.model" value="64"/>
    <property name="user.variant" value=""/>
    <property name="java.vendor.url" value="https://java.oracle.com/"/>
    <property name="user.timezone" value="Asia/Shanghai"/>
    <property name="os.name" value="Windows 10"/>
    <property name="java.vm.specification.version" value="14"/>
    <property name="sun.java.launcher" value="SUN_STANDARD"/>
    <property name="user.country" value="CN"/>
    <property name="sun.boot.library.path" value="C:\Program Files\Java\jdk-14.0.2\bin"/>
    <property name="sun.java.command" value="C:\Users\Wy\AppData\Local\Temp\surefire9895305309811460774\surefirebooter6718523036688013691.jar C:\Users\Wy\AppData\Local\Temp\surefire9895305309811460774 2020-10-03T00-46-41_167-jvmRun1 surefire3697451319112589908tmp surefire_013852145282004698582tmp"/>
    <property name="jdk.debug" value="release"/>
    <property name="surefire.test.class.path" value="D:\java\03-MyBatis\javaProject\ch01-hello-mybatis\target\test-classes;D:\java\03-MyBatis\javaProject\ch01-hello-mybatis\target\classes;D:\java\maven\repository\junit\junit\4.11\junit-4.11.jar;D:\java\maven\repository\org\hamcrest\hamcrest-core\1.3\hamcrest-core-1.3.jar;D:\java\maven\repository\org\mybatis\mybatis\3.5.1\mybatis-3.5.1.jar;D:\java\maven\repository\mysql\mysql-connector-java\5.1.9\mysql-connector-java-5.1.9.jar;"/>
    <property name="sun.cpu.endian" value="little"/>
    <property name="user.home" value="C:\Users\Wy"/>
    <property name="user.language" value="zh"/>
    <property name="java.specification.vendor" value="Oracle Corporation"/>
    <property name="java.version.date" value="2020-07-14"/>
    <property name="java.home" value="C:\Program Files\Java\jdk-14.0.2"/>
    <property name="basedir" value="D:\java\03-MyBatis\javaProject\ch01-hello-mybatis"/>
    <property name="file.separator" value="\"/>
    <property name="java.vm.compressedOopsMode" value="Zero based"/>
    <property name="line.separator" value="&#10;"/>
    <property name="java.vm.specification.vendor" value="Oracle Corporation"/>
    <property name="java.specification.name" value="Java Platform API Specification"/>
    <property name="surefire.real.class.path" value="C:\Users\Wy\AppData\Local\Temp\surefire9895305309811460774\surefirebooter6718523036688013691.jar"/>
    <property name="user.script" value=""/>
    <property name="sun.management.compiler" value="HotSpot 64-Bit Tiered Compilers"/>
    <property name="java.runtime.version" value="14.0.2+12-46"/>
    <property name="user.name" value="Wy"/>
    <property name="path.separator" value=";"/>
    <property name="os.version" value="10.0"/>
    <property name="java.runtime.name" value="Java(TM) SE Runtime Environment"/>
    <property name="file.encoding" value="GBK"/>
    <property name="java.vm.name" value="Java HotSpot(TM) 64-Bit Server VM"/>
    <property name="localRepository" value="D:\java\maven\repository"/>
    <property name="java.vendor.url.bug" value="https://bugreport.java.com/bugreport/"/>
    <property name="java.io.tmpdir" value="C:\Users\Wy\AppData\Local\Temp\"/>
    <property name="java.version" value="14.0.2"/>
    <property name="user.dir" value="D:\java\03-MyBatis\javaProject\ch01-hello-mybatis"/>
    <property name="os.arch" value="amd64"/>
    <property name="java.vm.specification.name" value="Java Virtual Machine Specification"/>
    <property name="sun.os.patch.level" value=""/>
    <property name="idea.version2019.3.5" value="true"/>
    <property name="java.library.path" value="C:\Program Files\Java\jdk-14.0.2\bin;C:\Windows\Sun\Java\bin;C:\Windows\system32;C:\Windows;C:\Program Files\Common Files\Oracle\Java\javapath;C:\Program Files (x86)\Common Files\Oracle\Java\javapath;D:\Program Files (x86)\opl\bin\x64_win64;D:\Program Files (x86)\opl\oplide\;D:\Program Files (x86)\cplex\bin\x64_win64;D:\Program Files (x86)\cpoptimizer\bin\x64_win64;C:\Windows\system32;C:\Windows;C:\Windows\System32\Wbem;C:\Windows\System32\WindowsPowerShell\v1.0\;C:\Windows\System32\OpenSSH\;C:\Program Files (x86)\NVIDIA Corporation\PhysX\Common;C:\Program Files\Java\jdk-14.0.2\bin;C:\Program Files\MySQL\MySQL Server 8.0\bin;D:\java\maven\apache-maven-3.3.9\apache-maven\src\bin;C:\Program Files\Java\jdk-14.0.2;D:\java\maven\apache-maven-3.3.9\bin;C:\Users\Wy\AppData\Local\Microsoft\WindowsApps;C:\Program Files\g95\bin;D:\BaiduNetdiskDownload\ia32;;."/>
    <property name="java.vm.info" value="mixed mode, sharing"/>
    <property name="java.vendor" value="Oracle Corporation"/>
    <property name="java.vm.version" value="14.0.2+12-46"/>
    <property name="sun.io.unicode.encoding" value="UnicodeLittle"/>
    <property name="java.class.version" value="58.0"/>
  </properties>
  <testcase name="testInsert" classname="com.wy.TestMyBatis" time="0.502"/>
</testsuite>